# JRE version: Java(TM) SE Runtime Environment (17.0.2+8) (build 17.0.2+8-LTS-86)
# Java VM: Java HotSpot(TM) 64-Bit Server VM (17.0.2+8-LTS-86, mixed mode, sharing, tiered, compressed oops, compressed class ptrs, g1 gc, windows-amd64)
GC Precious Log:
 CPUs: 12 total, 12 available
 Memory: 16252M
 Large Page Support: Disabled
 NUMA Support: Disabled
 Compressed Oops: Enabled (Zero based)
 Heap Region Size: 32M
 Heap Min Capacity: 512M
 Heap Initial Capacity: 512M
 Heap Max Capacity: 3G
 Pre-touch: Disabled
 Parallel Workers: 10
 Concurrent Workers: 3
 Concurrent Refinement Workers: 10
 Periodic GC: Disabled
Heap:
 garbage-first heap   total 851968K, used 493687K [0x0000000740000000, 0x0000000800000000)
  region size 32768K, 12 young (393216K), 1 survivors (32768K)
 Metaspace       used 47986K, committed 48704K, reserved 1097728K
  class space    used 7406K, committed 7744K, reserved 1048576K
GC Heap History (20 events):
Event: 300.435 GC heap before
{Heap before GC invocations=402 (full 0):
 garbage-first heap   total 851968K, used 591866K [0x0000000740000000, 0x0000000800000000)
  region size 32768K, 14 young (458752K), 1 survivors (32768K)
 Metaspace       used 47984K, committed 48704K, reserved 1097728K
  class space    used 7406K, committed 7744K, reserved 1048576K
}
Event: 300.436 GC heap after
{Heap after GC invocations=403 (full 0):
 garbage-first heap   total 851968K, used 166963K [0x0000000740000000, 0x0000000800000000)
  region size 32768K, 1 young (32768K), 1 survivors (32768K)
 Metaspace       used 47984K, committed 48704K, reserved 1097728K
  class space    used 7406K, committed 7744K, reserved 1048576K
}
Event: 304.059 GC heap before
{Heap before GC invocations=403 (full 0):
 garbage-first heap   total 851968K, used 592947K [0x0000000740000000, 0x0000000800000000)
  region size 32768K, 14 young (458752K), 1 survivors (32768K)
 Metaspace       used 47984K, committed 48704K, reserved 1097728K
  class space    used 7406K, committed 7744K, reserved 1048576K
}
Event: 304.060 GC heap after
{Heap after GC invocations=404 (full 0):
 garbage-first heap   total 851968K, used 166666K [0x0000000740000000, 0x0000000800000000)
  region size 32768K, 1 young (32768K), 1 survivors (32768K)
 Metaspace       used 47984K, committed 48704K, reserved 1097728K
  class space    used 7406K, committed 7744K, reserved 1048576K
}
Event: 307.681 GC heap before
{Heap before GC invocations=404 (full 0):
 garbage-first heap   total 851968K, used 592650K [0x0000000740000000, 0x0000000800000000)
  region size 32768K, 14 young (458752K), 1 survivors (32768K)
 Metaspace       used 47984K, committed 48704K, reserved 1097728K
  class space    used 7406K, committed 7744K, reserved 1048576K
}
Event: 307.682 GC heap after
{Heap after GC invocations=405 (full 0):
 garbage-first heap   total 851968K, used 165851K [0x0000000740000000, 0x0000000800000000)
  region size 32768K, 1 young (32768K), 1 survivors (32768K)
 Metaspace       used 47984K, committed 48704K, reserved 1097728K
  class space    used 7406K, committed 7744K, reserved 1048576K
}
Event: 311.302 GC heap before
{Heap before GC invocations=405 (full 0):
 garbage-first heap   total 851968K, used 591835K [0x0000000740000000, 0x0000000800000000)
  region size 32768K, 14 young (458752K), 1 survivors (32768K)
 Metaspace       used 47984K, committed 48704K, reserved 1097728K
  class space    used 7406K, committed 7744K, reserved 1048576K
}
Event: 311.303 GC heap after
{Heap after GC invocations=406 (full 0):
 garbage-first heap   total 851968K, used 165480K [0x0000000740000000, 0x0000000800000000)
  region size 32768K, 1 young (32768K), 1 survivors (32768K)
 Metaspace       used 47984K, committed 48704K, reserved 1097728K
  class space    used 7406K, committed 7744K, reserved 1048576K
}
Event: 314.950 GC heap before
{Heap before GC invocations=406 (full 0):
 garbage-first heap   total 851968K, used 591464K [0x0000000740000000, 0x0000000800000000)
  region size 32768K, 14 young (458752K), 1 survivors (32768K)
 Metaspace       used 47984K, committed 48704K, reserved 1097728K
  class space    used 7406K, committed 7744K, reserved 1048576K
}
Event: 314.952 GC heap after
{Heap after GC invocations=407 (full 0):
 garbage-first heap   total 851968K, used 165856K [0x0000000740000000, 0x0000000800000000)
  region size 32768K, 1 young (32768K), 1 survivors (32768K)
 Metaspace       used 47984K, committed 48704K, reserved 1097728K
  class space    used 7406K, committed 7744K, reserved 1048576K
}
Event: 318.554 GC heap before
{Heap before GC invocations=407 (full 0):
 garbage-first heap   total 851968K, used 591840K [0x0000000740000000, 0x0000000800000000)
  region size 32768K, 14 young (458752K), 1 survivors (32768K)
 Metaspace       used 47984K, committed 48704K, reserved 1097728K
  class space    used 7406K, committed 7744K, reserved 1048576K
}
Event: 318.556 GC heap after
{Heap after GC invocations=408 (full 0):
 garbage-first heap   total 851968K, used 166879K [0x0000000740000000, 0x0000000800000000)
  region size 32768K, 1 young (32768K), 1 survivors (32768K)
 Metaspace       used 47984K, committed 48704K, reserved 1097728K
  class space    used 7406K, committed 7744K, reserved 1048576K
}
Event: 322.189 GC heap before
{Heap before GC invocations=408 (full 0):
 garbage-first heap   total 851968K, used 592863K [0x0000000740000000, 0x0000000800000000)
  region size 32768K, 14 young (458752K), 1 survivors (32768K)
 Metaspace       used 47984K, committed 48704K, reserved 1097728K
  class space    used 7406K, committed 7744K, reserved 1048576K
}
Event: 322.190 GC heap after
{Heap after GC invocations=409 (full 0):
 garbage-first heap   total 851968K, used 166395K [0x0000000740000000, 0x0000000800000000)
  region size 32768K, 1 young (32768K), 1 survivors (32768K)
 Metaspace       used 47984K, committed 48704K, reserved 1097728K
  class space    used 7406K, committed 7744K, reserved 1048576K
}
Event: 325.814 GC heap before
{Heap before GC invocations=409 (full 0):
 garbage-first heap   total 851968K, used 592379K [0x0000000740000000, 0x0000000800000000)
  region size 32768K, 14 young (458752K), 1 survivors (32768K)
 Metaspace       used 47985K, committed 48704K, reserved 1097728K
  class space    used 7406K, committed 7744K, reserved 1048576K
}
Event: 325.815 GC heap after
{Heap after GC invocations=410 (full 0):
 garbage-first heap   total 851968K, used 166874K [0x0000000740000000, 0x0000000800000000)
  region size 32768K, 1 young (32768K), 1 survivors (32768K)
 Metaspace       used 47985K, committed 48704K, reserved 1097728K
  class space    used 7406K, committed 7744K, reserved 1048576K
}
Event: 329.420 GC heap before
{Heap before GC invocations=410 (full 0):
 garbage-first heap   total 851968K, used 592858K [0x0000000740000000, 0x0000000800000000)
  region size 32768K, 14 young (458752K), 1 survivors (32768K)
 Metaspace       used 47985K, committed 48704K, reserved 1097728K
  class space    used 7406K, committed 7744K, reserved 1048576K
}
Event: 329.422 GC heap after
{Heap after GC invocations=411 (full 0):
 garbage-first heap   total 851968K, used 165944K [0x0000000740000000, 0x0000000800000000)
  region size 32768K, 1 young (32768K), 1 survivors (32768K)
 Metaspace       used 47985K, committed 48704K, reserved 1097728K
  class space    used 7406K, committed 7744K, reserved 1048576K
}
Event: 333.047 GC heap before
{Heap before GC invocations=411 (full 0):
 garbage-first heap   total 851968K, used 591928K [0x0000000740000000, 0x0000000800000000)
  region size 32768K, 14 young (458752K), 1 survivors (32768K)
 Metaspace       used 47986K, committed 48704K, reserved 1097728K
  class space    used 7406K, committed 7744K, reserved 1048576K
}
Event: 333.048 GC heap after
{Heap after GC invocations=412 (full 0):
 garbage-first heap   total 851968K, used 166007K [0x0000000740000000, 0x0000000800000000)
  region size 32768K, 1 young (32768K), 1 survivors (32768K)
 Metaspace       used 47986K, committed 48704K, reserved 1097728K
  class space    used 7406K, committed 7744K, reserved 1048576K
}

